<?xml version="1.0" encoding="UTF-8"?>
<testng-results skipped="0" failed="0" ignored="0" total="1" passed="1">
  <reporter-output>
  </reporter-output>
  <suite name="Default suite" duration-ms="968" started-at="2021-01-19T20:37:00 IST" finished-at="2021-01-19T20:37:01 IST">
    <groups>
    </groups>
    <test name="Default test" duration-ms="968" started-at="2021-01-19T20:37:00 IST" finished-at="2021-01-19T20:37:01 IST">
      <class name="jdbc.test.MySqlTest">
        <test-method status="PASS" signature="JdbcmySqlTest()[pri:0, instance:jdbc.test.MySqlTest@731a74c]" name="JdbcmySqlTest" duration-ms="909" started-at="2021-01-19T20:37:00 IST" finished-at="2021-01-19T20:37:01 IST">
          <reporter-output>
          </reporter-output>
        </test-method> <!-- JdbcmySqlTest -->
      </class> <!-- jdbc.test.MySqlTest -->
    </test> <!-- Default test -->
  </suite> <!-- Default suite -->
</testng-results>
